\BOOKMARK [0][-]{chapter.1}{Introduction}{}% 1
\BOOKMARK [1][-]{section.1.1}{Project Summary}{chapter.1}% 2
\BOOKMARK [1][-]{section.1.2}{Motivation}{chapter.1}% 3
\BOOKMARK [1][-]{section.1.3}{Related Works}{chapter.1}% 4
\BOOKMARK [0][-]{chapter.2}{Preparation}{}% 5
\BOOKMARK [1][-]{section.2.1}{Starting Point}{chapter.2}% 6
\BOOKMARK [1][-]{section.2.2}{Requirement Analysis}{chapter.2}% 7
\BOOKMARK [1][-]{section.2.3}{Kademlia}{chapter.2}% 8
\BOOKMARK [2][-]{subsection.2.3.1}{XOR Metric}{section.2.3}% 9
\BOOKMARK [2][-]{subsection.2.3.2}{Node State}{section.2.3}% 10
\BOOKMARK [2][-]{subsection.2.3.3}{RPCs}{section.2.3}% 11
\BOOKMARK [2][-]{subsection.2.3.4}{Lookup and Storage}{section.2.3}% 12
\BOOKMARK [2][-]{subsection.2.3.5}{Bootstrap}{section.2.3}% 13
\BOOKMARK [1][-]{section.2.4}{Game Server}{chapter.2}% 14
\BOOKMARK [1][-]{section.2.5}{Client}{chapter.2}% 15
\BOOKMARK [1][-]{section.2.6}{Professional Practice}{chapter.2}% 16
\BOOKMARK [0][-]{chapter.3}{Implementation}{}% 17
\BOOKMARK [0][-]{chapter.4}{Evaluation}{}% 18
\BOOKMARK [0][-]{chapter.5}{Conclusion}{}% 19
\BOOKMARK [0][-]{chapter.5}{Bibliography}{}% 20
\BOOKMARK [0][-]{appendix.A}{Proposal}{}% 21
